Change Component Designator: Old Designator=C? New Designator=C1
Change Component Designator: Old Designator=C? New Designator=C2
Change Component Designator: Old Designator=C? New Designator=C3
Change Component Designator: Old Designator=C? New Designator=C4
Change Component Designator: Old Designator=C? New Designator=C5
Change Component Designator: Old Designator=C? New Designator=C6
Change Component Designator: Old Designator=C? New Designator=C7
Change Component Designator: Old Designator=CHIO? New Designator=CHIO1
Change Component Designator: Old Designator=D? New Designator=D1
Change Component Designator: Old Designator=D? New Designator=D2
Change Component Designator: Old Designator=D? New Designator=D3
Change Component Designator: Old Designator=D? New Designator=D4
Change Component Designator: Old Designator=D? New Designator=D5
Change Component Designator: Old Designator=EC? New Designator=EC1
Change Component Designator: Old Designator=EC? New Designator=EC2
Change Component Designator: Old Designator=K? New Designator=K1
Change Component Designator: Old Designator=K? New Designator=K2
Change Component Designator: Old Designator=K? New Designator=K3
Change Component Designator: Old Designator=K? New Designator=K4
Change Component Designator: Old Designator=K? New Designator=K5
Change Component Designator: Old Designator=K? New Designator=K6
Change Component Designator: Old Designator=K? New Designator=K7
Change Component Designator: Old Designator=K? New Designator=K8
Change Component Designator: Old Designator=L? New Designator=L1
Change Component Designator: Old Designator=Pow? New Designator=Pow1
Change Component Designator: Old Designator=Pow_LED? New Designator=Pow_LED1
Change Component Designator: Old Designator=Q? New Designator=Q1
Change Component Designator: Old Designator=Q? New Designator=Q2
Change Component Designator: Old Designator=Q? New Designator=Q3
Change Component Designator: Old Designator=Q? New Designator=Q4
Change Component Designator: Old Designator=R? New Designator=R1
Change Component Designator: Old Designator=R? New Designator=R2
Change Component Designator: Old Designator=R? New Designator=R3
Change Component Designator: Old Designator=R? New Designator=R4
Change Component Designator: Old Designator=R? New Designator=R5
Change Component Designator: Old Designator=R? New Designator=R6
Change Component Designator: Old Designator=R? New Designator=R7
Change Component Designator: Old Designator=R? New Designator=R8
Change Component Designator: Old Designator=R? New Designator=R9
Change Component Designator: Old Designator=R? New Designator=R10
Change Component Designator: Old Designator=R? New Designator=R11
Change Component Designator: Old Designator=R? New Designator=R12
Change Component Designator: Old Designator=R? New Designator=R13
Change Component Designator: Old Designator=R? New Designator=R14
Change Component Designator: Old Designator=R? New Designator=R15
Change Component Designator: Old Designator=R? New Designator=R16
Change Component Designator: Old Designator=R? New Designator=R17
Change Component Designator: Old Designator=R? New Designator=R18
Change Component Designator: Old Designator=R? New Designator=R19
Change Component Designator: Old Designator=R? New Designator=R20
Change Component Designator: Old Designator=R? New Designator=R21
Change Component Designator: Old Designator=Relay_Led? New Designator=Relay_Led1
Change Component Designator: Old Designator=Relay_Led? New Designator=Relay_Led2
Change Component Designator: Old Designator=Relay_Led? New Designator=Relay_Led3
Change Component Designator: Old Designator=Relay_Led? New Designator=Relay_Led4
Change Component Designator: Old Designator=RV? New Designator=RV1
Change Component Designator: Old Designator=RV? New Designator=RV2
Change Component Designator: Old Designator=RV? New Designator=RV3
Change Component Designator: Old Designator=RV? New Designator=RV4
Change Component Designator: Old Designator=Socket? New Designator=Socket1
Change Component Designator: Old Designator=U? New Designator=U2
Change Component Designator: Old Designator=WiFi_LED? New Designator=WiFi_LED1
Change Component Designator: Old Designator=Xk? New Designator=Xk1
Change Component Designator: Old Designator=Xk? New Designator=Xk2
Change Component Designator: Old Designator=Xk? New Designator=Xk3
Change Component Designator: Old Designator=Xk? New Designator=Xk4
